Determining if the pthread_create exist failed with the following output:
Change Dir: /home/jakub/Desktop/ROS_workspace_1/build/CMakeFiles/CMakeTmp

Run Build Command:"/usr/bin/make" "cmTC_47891/fast"
/usr/bin/make -f CMakeFiles/cmTC_47891.dir/build.make CMakeFiles/cmTC_47891.dir/build
make[1]: Entering directory '/home/jakub/Desktop/ROS_workspace_1/build/CMakeFiles/CMakeTmp'
Building C object CMakeFiles/cmTC_47891.dir/CheckSymbolExists.c.o
/usr/bin/cc    -o CMakeFiles/cmTC_47891.dir/CheckSymbolExists.c.o   -c /home/jakub/Desktop/ROS_workspace_1/build/CMakeFiles/CMakeTmp/CheckSymbolExists.c
Linking C executable cmTC_47891
/usr/bin/cmake -E cmake_link_script CMakeFiles/cmTC_47891.dir/link.txt --verbose=1
/usr/bin/cc      -rdynamic CMakeFiles/cmTC_47891.dir/CheckSymbolExists.c.o  -o cmTC_47891 
CMakeFiles/cmTC_47891.dir/CheckSymbolExists.c.o: In function `main':
CheckSymbolExists.c:(.text+0x1b): undefined reference to `pthread_create'
collect2: error: ld returned 1 exit status
CMakeFiles/cmTC_47891.dir/build.make:97: recipe for target 'cmTC_47891' failed
make[1]: *** [cmTC_47891] Error 1
make[1]: Leaving directory '/home/jakub/Desktop/ROS_workspace_1/build/CMakeFiles/CMakeTmp'
Makefile:126: recipe for target 'cmTC_47891/fast' failed
make: *** [cmTC_47891/fast] Error 2

File /home/jakub/Desktop/ROS_workspace_1/build/CMakeFiles/CMakeTmp/CheckSymbolExists.c:
/* */
#include <pthread.h>

int main(int argc, char** argv)
{
  (void)argv;
#ifndef pthread_create
  return ((int*)(&pthread_create))[argc];
#else
  (void)argc;
  return 0;
#endif
}

Determining if the function pthread_create exists in the pthreads failed with the following output:
Change Dir: /home/jakub/Desktop/ROS_workspace_1/build/CMakeFiles/CMakeTmp

Run Build Command:"/usr/bin/make" "cmTC_03aeb/fast"
/usr/bin/make -f CMakeFiles/cmTC_03aeb.dir/build.make CMakeFiles/cmTC_03aeb.dir/build
make[1]: Entering directory '/home/jakub/Desktop/ROS_workspace_1/build/CMakeFiles/CMakeTmp'
Building C object CMakeFiles/cmTC_03aeb.dir/CheckFunctionExists.c.o
/usr/bin/cc   -DCHECK_FUNCTION_EXISTS=pthread_create   -o CMakeFiles/cmTC_03aeb.dir/CheckFunctionExists.c.o   -c /usr/share/cmake-3.10/Modules/CheckFunctionExists.c
Linking C executable cmTC_03aeb
/usr/bin/cmake -E cmake_link_script CMakeFiles/cmTC_03aeb.dir/link.txt --verbose=1
/usr/bin/cc  -DCHECK_FUNCTION_EXISTS=pthread_create    -rdynamic CMakeFiles/cmTC_03aeb.dir/CheckFunctionExists.c.o  -o cmTC_03aeb -lpthreads 
/usr/bin/ld: cannot find -lpthreads
collect2: error: ld returned 1 exit status
CMakeFiles/cmTC_03aeb.dir/build.make:97: recipe for target 'cmTC_03aeb' failed
make[1]: *** [cmTC_03aeb] Error 1
make[1]: Leaving directory '/home/jakub/Desktop/ROS_workspace_1/build/CMakeFiles/CMakeTmp'
Makefile:126: recipe for target 'cmTC_03aeb/fast' failed
make: *** [cmTC_03aeb/fast] Error 2


